<?xml version="1.0" encoding="UTF-8"?>
<!-- Generated by org.testng.reporters.JUnitXMLReporter -->
<testsuite ignored="0" hostname="Omika" failures="0" tests="4" name="Test" time="15.03" errors="0" timestamp="2024-11-05T10:06:54 IST">
  <testcase classname="QaFromGoogle.BaseTests" name="@AfterTest closeBrowser" time="0.002">
    <failure type="java.lang.NullPointerException" message="Cannot invoke &amp;quot;org.openqa.selenium.WebDriver.close()&amp;quot; because &amp;quot;QaFromGoogle.BaseTests.driver&amp;quot; is null">
      <![CDATA[java.lang.NullPointerException: Cannot invoke "org.openqa.selenium.WebDriver.close()" because "QaFromGoogle.BaseTests.driver" is null
at QaFromGoogle.BaseTests.closeBrowser(BaseTests.java:23)
... Removed 22 stack frames]]>
    </failure>
  </testcase> <!-- @AfterTest closeBrowser -->
  <testcase classname="QaFromGoogle.DataProviderParalla" name="testDataProvider" time="6.261"/>
  <testcase classname="QaFromGoogle.DataProviderParalla" name="testDataProvider" time="10.125"/>
  <testcase classname="QaFromGoogle.DataProviderParalla" name="testDataProviderWithName" time="2.39"/>
  <testcase classname="QaFromGoogle.DataProviderParalla" name="testDataProviderWithName" time="2.435"/>
</testsuite> <!-- Test -->
