<?xml version="1.0" encoding="UTF-8"?>
<testng-results ignored="0" total="4" passed="4" failed="0" skipped="0">
  <reporter-output>
  </reporter-output>
  <suite started-at="2024-11-05T10:06:39 IST" name="Suite" finished-at="2024-11-05T10:06:54 IST" duration-ms="15030">
    <groups>
    </groups>
    <test started-at="2024-11-05T10:06:39 IST" name="Test" finished-at="2024-11-05T10:06:54 IST" duration-ms="15030">
      <class name="QaFromGoogle.DataProviderParalla">
        <test-method is-config="true" signature="setup()[pri:0, instance:QaFromGoogle.DataProviderParalla@6283d8b8]" started-at="2024-11-05T10:06:39 IST" name="setup" finished-at="2024-11-05T10:06:39 IST" duration-ms="13" status="PASS">
          <reporter-output>
          </reporter-output>
        </test-method> <!-- setup -->
        <test-method signature="testDataProvider(java.lang.String,java.lang.String)[pri:0, instance:QaFromGoogle.DataProviderParalla@6283d8b8]" started-at="2024-11-05T10:06:39 IST" name="testDataProvider" data-provider="DataProviderTest" finished-at="2024-11-05T10:06:49 IST" duration-ms="10125" status="PASS">
          <params>
            <param index="0">
              <value>
                <![CDATA[Deshmukha]]>
              </value>
            </param>
            <param index="1">
              <value>
                <![CDATA[Ichake]]>
              </value>
            </param>
          </params>
          <reporter-output>
          </reporter-output>
        </test-method> <!-- testDataProvider -->
        <test-method signature="testDataProvider(java.lang.String,java.lang.String)[pri:0, instance:QaFromGoogle.DataProviderParalla@6283d8b8]" started-at="2024-11-05T10:06:39 IST" name="testDataProvider" data-provider="DataProviderTest" finished-at="2024-11-05T10:06:45 IST" duration-ms="6261" status="PASS">
          <params>
            <param index="0">
              <value>
                <![CDATA[Abhijeet]]>
              </value>
            </param>
            <param index="1">
              <value>
                <![CDATA[Abhipal]]>
              </value>
            </param>
          </params>
          <reporter-output>
          </reporter-output>
        </test-method> <!-- testDataProvider -->
        <test-method signature="testDataProviderWithName(java.lang.String,java.lang.String)[pri:0, instance:QaFromGoogle.DataProviderParalla@6283d8b8]" started-at="2024-11-05T10:06:49 IST" name="testDataProviderWithName" data-provider="dp" finished-at="2024-11-05T10:06:51 IST" duration-ms="2390" status="PASS">
          <params>
            <param index="0">
              <value>
                <![CDATA[Abhijeet]]>
              </value>
            </param>
            <param index="1">
              <value>
                <![CDATA[Abhipal]]>
              </value>
            </param>
          </params>
          <reporter-output>
          </reporter-output>
        </test-method> <!-- testDataProviderWithName -->
        <test-method signature="testDataProviderWithName(java.lang.String,java.lang.String)[pri:0, instance:QaFromGoogle.DataProviderParalla@6283d8b8]" started-at="2024-11-05T10:06:51 IST" name="testDataProviderWithName" data-provider="dp" finished-at="2024-11-05T10:06:54 IST" duration-ms="2435" status="PASS">
          <params>
            <param index="0">
              <value>
                <![CDATA[Deshmukha]]>
              </value>
            </param>
            <param index="1">
              <value>
                <![CDATA[Ichake]]>
              </value>
            </param>
          </params>
          <reporter-output>
          </reporter-output>
        </test-method> <!-- testDataProviderWithName -->
        <test-method is-config="true" signature="closeBrowser()[pri:0, instance:QaFromGoogle.DataProviderParalla@6283d8b8]" started-at="2024-11-05T10:06:54 IST" name="closeBrowser" finished-at="2024-11-05T10:06:54 IST" duration-ms="2" status="FAIL">
          <exception class="java.lang.NullPointerException">
            <message>
              <![CDATA[Cannot invoke "org.openqa.selenium.WebDriver.close()" because "QaFromGoogle.BaseTests.driver" is null]]>
            </message>
            <full-stacktrace>
              <![CDATA[java.lang.NullPointerException: Cannot invoke "org.openqa.selenium.WebDriver.close()" because "QaFromGoogle.BaseTests.driver" is null
at QaFromGoogle.BaseTests.closeBrowser(BaseTests.java:23)
at java.base/jdk.internal.reflect.DirectMethodHandleAccessor.invoke(DirectMethodHandleAccessor.java:103)
at java.base/java.lang.reflect.Method.invoke(Method.java:580)
at org.testng.internal.MethodInvocationHelper.invokeMethod(MethodInvocationHelper.java:133)
at org.testng.internal.MethodInvocationHelper.invokeMethodConsideringTimeout(MethodInvocationHelper.java:62)
at org.testng.internal.ConfigInvoker.invokeConfigurationMethod(ConfigInvoker.java:385)
at org.testng.internal.ConfigInvoker.invokeConfigurations(ConfigInvoker.java:321)
at org.testng.TestRunner.invokeTestConfigurations(TestRunner.java:637)
at org.testng.TestRunner.afterRun(TestRunner.java:877)
at org.testng.TestRunner.run(TestRunner.java:599)
at org.testng.SuiteRunner.runTest(SuiteRunner.java:377)
at org.testng.SuiteRunner.runSequentially(SuiteRunner.java:371)
at org.testng.SuiteRunner.privateRun(SuiteRunner.java:332)
at org.testng.SuiteRunner.run(SuiteRunner.java:276)
at org.testng.SuiteRunnerWorker.runSuite(SuiteRunnerWorker.java:53)
at org.testng.SuiteRunnerWorker.run(SuiteRunnerWorker.java:96)
at org.testng.TestNG.runSuitesSequentially(TestNG.java:1212)
at org.testng.TestNG.runSuitesLocally(TestNG.java:1134)
at org.testng.TestNG.runSuites(TestNG.java:1063)
at org.testng.TestNG.run(TestNG.java:1031)
at org.testng.remote.AbstractRemoteTestNG.run(AbstractRemoteTestNG.java:115)
at org.testng.remote.RemoteTestNG.initAndRun(RemoteTestNG.java:293)
at org.testng.remote.RemoteTestNG.main(RemoteTestNG.java:91)
]]>
            </full-stacktrace>
          </exception> <!-- java.lang.NullPointerException -->
          <reporter-output>
          </reporter-output>
        </test-method> <!-- closeBrowser -->
      </class> <!-- QaFromGoogle.DataProviderParalla -->
    </test> <!-- Test -->
  </suite> <!-- Suite -->
</testng-results>
